<?xml version="1.0" encoding="UTF-8"?><testsuite errors="0" failures="0" name="com.resttful.testsuite.CrudTest" skipped="0" tests="6" time="14.03" timestamp="2023-08-08T16:35:04.846+01:00[Europe/London]"><testcase classname="com.resttful.testsuite.CrudTest" name="This method will create a Token"/><testcase classname="com.resttful.testsuite.CrudTest" name="This method will create a booking"/><testcase classname="com.resttful.testsuite.CrudTest" name="This method will verify new Booking ID creation"/><testcase classname="com.resttful.testsuite.CrudTest" name="This method will get booking with Id"/><testcase classname="com.resttful.testsuite.CrudTest" name="This method will updated a booking with ID"/><testcase classname="com.resttful.testsuite.CrudTest" name="This method will delete a booking with ID"/></testsuite>